2017/04/27 18:33:37 [I] [Connect.go:14] 数据库is %s root:123456@tcp(localhost:3306)/weserver?charset=utf8&loc=Local 
2017/04/27 18:33:37 [I] [Connect.go:19] 数据库连接成功 
2017/04/27 18:33:37 [D] [mq.go:98] map[] 
2017/04/27 18:33:37 [D] [mq.go:50] {tcp://mqf-dfbt0o9yg6.mqtt.aliyuncs.com:1883 LTAIggaqgLgcFyCb FnB/B6vHvk3ozjJ6KqWnIcnIcdA= GID_CHAT@@@localserver2  true false 3 Topic_ChatMessage false} 
2017/04/27 18:33:37 [D] [mqtt.go:101] Topic: Topic_ChatMessage 
2017/04/27 18:33:37 [D] [client.go:538] subtopic,subqoss, token.subs, token [Topic_ChatMessage] [0] [Topic_ChatMessage] &{{{{0 0} 0 0 0 0} 0xc042499c20 false <nil>} [Topic_ChatMessage] map[]} 
2017/04/27 18:33:37 [D] [mqtt.go:106] mqtt connect and Subscribe Success！ 
2017/04/27 18:33:37 [I] [mqtt.go:58] mqtt running OK  
2017/04/27 18:33:37 [D] [mq.go:107] MQTT Client Init OK. 
2017/04/27 18:33:37 [D] [chat.go:56] map[Topic_ChatMessage/sub121:[oWrhuv7EjuWJs6d3K3xTJ1YOlkUc]] 
2017/04/27 18:33:37 [D] [wechat.go:63] GetTokenString https://api.weixin.qq.com/cgi-bin/token?grant_type=client_credential&appid=wx2b036d187ac31e24&&secret=39dab8ba2941c8604e0c948729eeaffe 
2017/04/27 18:33:37 [D] [wechat.go:75] {"access_token":"lFHC7io0HJY8-hKXLCM2bqK-qB-ENB6SntoHU_ZdylQhGpdggbhSJ-7iNujnl34dVVHlVo0Fs7NoQAfXYEa2X_yNDZOFRtWakwbG-971pfUWE1jySm6OotVbhYR2UyBPECUgAHAAYQ","expires_in":7200} 
2017/04/27 18:33:37 [D] [wechat.go:79] Request ok!!!!!!! 
2017/04/27 18:33:37 [D] [wechat.go:93] lFHC7io0HJY8-hKXLCM2bqK-qB-ENB6SntoHU_ZdylQhGpdggbhSJ-7iNujnl34dVVHlVo0Fs7NoQAfXYEa2X_yNDZOFRtWakwbG-971pfUWE1jySm6OotVbhYR2UyBPECUgAHAAYQ 7200 https://api.weixin.qq.com/cgi-bin/message/custom/send?access_token=lFHC7io0HJY8-hKXLCM2bqK-qB-ENB6SntoHU_ZdylQhGpdggbhSJ-7iNujnl34dVVHlVo0Fs7NoQAfXYEa2X_yNDZOFRtWakwbG-971pfUWE1jySm6OotVbhYR2UyBPECUgAHAAYQ 
2017/04/27 18:33:38 [D] [chat.go:64] WeChat Init ok ! 
2017/04/27 18:33:38 [I] [asm_amd64.s:2086] http server Running on http://:80
2017/04/27 18:35:14 [I] [Connect.go:14] 数据库is %s root:admin@tcp(localhost:3306)/weserver?charset=utf8&loc=Local 
2017/04/27 18:35:14 [E] [Connect.go:17] 数据库连接失败 
2017/04/27 18:37:12 [I] [Connect.go:14] 数据库is %s root:123456@tcp(localhost:3306)/weserver?charset=utf8&loc=Local 
2017/04/27 18:37:12 [I] [Connect.go:19] 数据库连接成功 
2017/04/27 18:37:12 [D] [mq.go:98] map[] 
2017/04/27 18:37:12 [D] [mq.go:50] {tcp://mqf-dfbt0o9yg6.mqtt.aliyuncs.com:1883 LTAIggaqgLgcFyCb FnB/B6vHvk3ozjJ6KqWnIcnIcdA= GID_CHAT@@@localserver2  true false 3 Topic_ChatMessage false} 
2017/04/27 18:37:12 [D] [mqtt.go:101] Topic: Topic_ChatMessage 
2017/04/27 18:37:12 [D] [client.go:538] subtopic,subqoss, token.subs, token [Topic_ChatMessage] [0] [Topic_ChatMessage] &{{{{0 0} 0 0 0 0} 0xc0422b8780 false <nil>} [Topic_ChatMessage] map[]} 
2017/04/27 18:37:13 [D] [mqtt.go:106] mqtt connect and Subscribe Success！ 
2017/04/27 18:37:13 [I] [mqtt.go:58] mqtt running OK  
2017/04/27 18:37:13 [D] [mq.go:107] MQTT Client Init OK. 
2017/04/27 18:37:13 [D] [chat.go:56] map[Topic_ChatMessage/sub121:[oWrhuv7EjuWJs6d3K3xTJ1YOlkUc]] 
2017/04/27 18:37:13 [D] [wechat.go:63] GetTokenString https://api.weixin.qq.com/cgi-bin/token?grant_type=client_credential&appid=wx2b036d187ac31e24&&secret=39dab8ba2941c8604e0c948729eeaffe 
2017/04/27 18:37:13 [D] [wechat.go:75] {"access_token":"lh7ZJxGMNAFYQxpWFQHFNqCEbbDRCFVqagi0WapZ6VGmHLQ-7PcXLnPhMyY1X2yZpxVzqccarM-QEbKvwa2OEvqwCoYnmLVKne3WwNqH1A4JEAhAAAWRN","expires_in":7200} 
2017/04/27 18:37:13 [D] [wechat.go:79] Request ok!!!!!!! 
2017/04/27 18:37:13 [D] [wechat.go:93] lh7ZJxGMNAFYQxpWFQHFNqCEbbDRCFVqagi0WapZ6VGmHLQ-7PcXLnPhMyY1X2yZpxVzqccarM-QEbKvwa2OEvqwCoYnmLVKne3WwNqH1A4JEAhAAAWRN 7200 https://api.weixin.qq.com/cgi-bin/message/custom/send?access_token=lh7ZJxGMNAFYQxpWFQHFNqCEbbDRCFVqagi0WapZ6VGmHLQ-7PcXLnPhMyY1X2yZpxVzqccarM-QEbKvwa2OEvqwCoYnmLVKne3WwNqH1A4JEAhAAAWRN 
2017/04/27 18:37:14 [D] [chat.go:64] WeChat Init ok ! 
2017/04/27 18:37:14 [I] [asm_amd64.s:2086] http server Running on http://:80
2017/04/27 18:50:51 [I] [Connect.go:14] 数据库is %s root:123456@tcp(localhost:3306)/weserver?charset=utf8&loc=Local 
2017/04/27 18:50:51 [I] [Connect.go:19] 数据库连接成功 
2017/04/27 18:50:51 [D] [mq.go:98] map[] 
2017/04/27 18:50:51 [D] [mq.go:50] {tcp://mqf-dfbt0o9yg6.mqtt.aliyuncs.com:1883 LTAIggaqgLgcFyCb FnB/B6vHvk3ozjJ6KqWnIcnIcdA= GID_CHAT@@@localserver2  true false 3 Topic_ChatMessage false} 
2017/04/27 18:50:51 [D] [mqtt.go:101] Topic: Topic_ChatMessage 
2017/04/27 18:50:51 [D] [client.go:538] subtopic,subqoss, token.subs, token [Topic_ChatMessage] [0] [Topic_ChatMessage] &{{{{0 0} 0 0 0 0} 0xc0424d3800 false <nil>} [Topic_ChatMessage] map[]} 
2017/04/27 18:50:51 [D] [mqtt.go:106] mqtt connect and Subscribe Success！ 
2017/04/27 18:50:51 [I] [mqtt.go:58] mqtt running OK  
2017/04/27 18:50:51 [D] [mq.go:107] MQTT Client Init OK. 
2017/04/27 18:50:51 [D] [chat.go:56] map[Topic_ChatMessage/sub121:[oWrhuv7EjuWJs6d3K3xTJ1YOlkUc]] 
2017/04/27 18:50:51 [D] [wechat.go:63] GetTokenString https://api.weixin.qq.com/cgi-bin/token?grant_type=client_credential&appid=wx2b036d187ac31e24&&secret=39dab8ba2941c8604e0c948729eeaffe 
2017/04/27 18:50:52 [D] [wechat.go:75] {"access_token":"f7iLtlwmh6nv8CXUPsT9abyxm2Rq88zXflyypSSWyLG9ln3raOO1Zr5QDSUkTs7n6pyES8Cxtz4dKanbxXemQdxBdtJMuFknlbXNXNWDBTiDi77LIChu-iAp0jllEDr0DEPhACAYZK","expires_in":7200} 
2017/04/27 18:50:52 [D] [wechat.go:79] Request ok!!!!!!! 
2017/04/27 18:50:52 [D] [wechat.go:93] f7iLtlwmh6nv8CXUPsT9abyxm2Rq88zXflyypSSWyLG9ln3raOO1Zr5QDSUkTs7n6pyES8Cxtz4dKanbxXemQdxBdtJMuFknlbXNXNWDBTiDi77LIChu-iAp0jllEDr0DEPhACAYZK 7200 https://api.weixin.qq.com/cgi-bin/message/custom/send?access_token=f7iLtlwmh6nv8CXUPsT9abyxm2Rq88zXflyypSSWyLG9ln3raOO1Zr5QDSUkTs7n6pyES8Cxtz4dKanbxXemQdxBdtJMuFknlbXNXNWDBTiDi77LIChu-iAp0jllEDr0DEPhACAYZK 
2017/04/27 18:50:52 [D] [chat.go:64] WeChat Init ok ! 
2017/04/27 18:50:52 [I] [asm_amd64.s:2086] http server Running on http://:80
2017/04/27 18:51:16 [D] [RoomInfo.go:142] num 4 
2017/04/27 18:51:24 [D] [server.go:14] client c65a03db-f616-429e-840d-72b29634d287 online subscribe topic is: chat 
2017/04/27 18:51:26 [I] [indexController.go:271] mediaURL is https://api.weixin.qq.com/cgi-bin/media/get?access_token=YGLECOsqrWKpQ_9aUFgtI88Zi2VIhLnDLzuxds0Mc88gcZZh8Ksk7gC223E2O0D1myLdVqgq4IrTxlZG2cRmejdWcwxGqVSgAqhghEPYA76qS7OtPOiapD9lNl2GEjtmGIGeAHAUWU&media_id=1237378768e7q8e7r8qwesafdasdfasdfaxss111 
2017/04/27 18:51:26 [I] [indexController.go:271] mediaURL is https://api.weixin.qq.com/cgi-bin/media/get?access_token=YGLECOsqrWKpQ_9aUFgtI88Zi2VIhLnDLzuxds0Mc88gcZZh8Ksk7gC223E2O0D1myLdVqgq4IrTxlZG2cRmejdWcwxGqVSgAqhghEPYA76qS7OtPOiapD9lNl2GEjtmGIGeAHAUWU&media_id=1237378768e7q8e7r8qwesafdasdfasdfaxss111 
2017/04/27 18:51:26 [D] [server.go:14] client ace0ce0c-048b-4d73-b95e-98ca425c1c6a online subscribe topic is: chat 
2017/04/27 18:52:48 [D] [roomController.go:42] = 
2017/04/27 18:53:12 [D] [RoomInfo.go:142] num 4 
2017/04/27 18:53:17 [I] [indexController.go:271] mediaURL is https://api.weixin.qq.com/cgi-bin/media/get?access_token=YGLECOsqrWKpQ_9aUFgtI88Zi2VIhLnDLzuxds0Mc88gcZZh8Ksk7gC223E2O0D1myLdVqgq4IrTxlZG2cRmejdWcwxGqVSgAqhghEPYA76qS7OtPOiapD9lNl2GEjtmGIGeAHAUWU&media_id=1237378768e7q8e7r8qwesafdasdfasdfaxss111 
2017/04/27 18:53:17 [D] [server.go:14] client 977eb68a-829d-4b48-80fa-2eba9add3213 online subscribe topic is: chat 
2017/04/27 18:53:22 [I] [indexController.go:271] mediaURL is https://api.weixin.qq.com/cgi-bin/media/get?access_token=YGLECOsqrWKpQ_9aUFgtI88Zi2VIhLnDLzuxds0Mc88gcZZh8Ksk7gC223E2O0D1myLdVqgq4IrTxlZG2cRmejdWcwxGqVSgAqhghEPYA76qS7OtPOiapD9lNl2GEjtmGIGeAHAUWU&media_id=1237378768e7q8e7r8qwesafdasdfasdfaxss111 
2017/04/27 18:53:22 [D] [server.go:14] client 861f1f92-186e-4625-aae3-3900191519cc online subscribe topic is: chat 
2017/04/27 18:53:24 [D] [server.go:18] client c65a03db-f616-429e-840d-72b29634d287 offline unsubscribe topic is: chat 
2017/04/27 18:53:26 [D] [server.go:18] client ace0ce0c-048b-4d73-b95e-98ca425c1c6a offline unsubscribe topic is: chat 
2017/04/27 18:53:46 [I] [indexController.go:271] mediaURL is https://api.weixin.qq.com/cgi-bin/media/get?access_token=YGLECOsqrWKpQ_9aUFgtI88Zi2VIhLnDLzuxds0Mc88gcZZh8Ksk7gC223E2O0D1myLdVqgq4IrTxlZG2cRmejdWcwxGqVSgAqhghEPYA76qS7OtPOiapD9lNl2GEjtmGIGeAHAUWU&media_id=1237378768e7q8e7r8qwesafdasdfasdfaxss111 
2017/04/27 18:53:46 [D] [server.go:14] client 6cb5a111-40f3-4d7c-90f7-1f1a0dfe2c61 online subscribe topic is: chat 
2017/04/27 18:54:17 [D] [RoomInfo.go:142] num 4 
2017/04/27 18:54:17 [D] [suggestController.go:85] roonInfo [{1 Topic_ChatMessage/sub121 0 互动社区 王老师 376 GID_SUB_ChatMSG mqf-dfbt0o9yg6.mqtt.aliyuncs.com 80 false LTAIpFkq7b3IOvXu QnewzgFKXHPBTOEV5BDAOSSGe1iuRA i/allchannel/icon1.png 时刻为您提供最新的红木行情分析，为广大客户提供交流的平台 i/allchannel/banner1.png 互动社区 0} {2 Topic_ChatMessage/sub122 0 会员专区 马老师 438 GID_SUB_ChatMSG mqf-dfbt0o9yg6.mqtt.aliyuncs.com 80 false LTAIpFkq7b3IOvXu QnewzgFKXHPBTOEV5BDAOSSGe1iuRA i/allchannel/icon2.png 专业的分析给您更准确的投资建议 i/allchannel/banner1.png 会员专区 0} {3 Topic_ChatMessage/sub123 0 贵宾专区 雷老师 217 GID_SUB_ChatMSG mqf-dfbt0o9yg6.mqtt.aliyuncs.com 80 false LTAIpFkq7b3IOvXu QnewzgFKXHPBTOEV5BDAOSSGe1iuRA i/allchannel/icon3.png 尊享专人一对一的贴心服务，给您专属的投资指导 i/allchannel/banner1.png 贵宾专区 0} {4 Topic_ChatMessage/sub124 0 铂金VIP 胡老师 185 GID_SUB_ChatMSG mqf-dfbt0o9yg6.mqtt.aliyuncs.com 80 false LTAIpFkq7b3IOvXu QnewzgFKXHPBTOEV5BDAOSSGe1iuRA i/allchannel/icon4.png 网罗最新最全的红木行情，由数位具有十数年经验的高级分析师为您提供专属服务 i/allchannel/banner1.png 铂金VIP 0}] 
2017/04/27 18:55:17 [D] [server.go:18] client 977eb68a-829d-4b48-80fa-2eba9add3213 offline unsubscribe topic is: chat 
2017/04/27 18:55:22 [D] [server.go:18] client 861f1f92-186e-4625-aae3-3900191519cc offline unsubscribe topic is: chat 
2017/04/27 18:55:43 [D] [RoomInfo.go:142] num 4 
2017/04/27 18:55:46 [D] [server.go:18] client 6cb5a111-40f3-4d7c-90f7-1f1a0dfe2c61 offline unsubscribe topic is: chat 
2017/04/27 18:55:48 [D] [RoomInfo.go:142] num 4 
2017/04/27 18:55:48 [D] [teacherController.go:81] roonInfo [{1 Topic_ChatMessage/sub121 0 互动社区 王老师 376 GID_SUB_ChatMSG mqf-dfbt0o9yg6.mqtt.aliyuncs.com 80 false LTAIpFkq7b3IOvXu QnewzgFKXHPBTOEV5BDAOSSGe1iuRA i/allchannel/icon1.png 时刻为您提供最新的红木行情分析，为广大客户提供交流的平台 i/allchannel/banner1.png 互动社区 0} {2 Topic_ChatMessage/sub122 0 会员专区 马老师 438 GID_SUB_ChatMSG mqf-dfbt0o9yg6.mqtt.aliyuncs.com 80 false LTAIpFkq7b3IOvXu QnewzgFKXHPBTOEV5BDAOSSGe1iuRA i/allchannel/icon2.png 专业的分析给您更准确的投资建议 i/allchannel/banner1.png 会员专区 0} {3 Topic_ChatMessage/sub123 0 贵宾专区 雷老师 217 GID_SUB_ChatMSG mqf-dfbt0o9yg6.mqtt.aliyuncs.com 80 false LTAIpFkq7b3IOvXu QnewzgFKXHPBTOEV5BDAOSSGe1iuRA i/allchannel/icon3.png 尊享专人一对一的贴心服务，给您专属的投资指导 i/allchannel/banner1.png 贵宾专区 0} {4 Topic_ChatMessage/sub124 0 铂金VIP 胡老师 185 GID_SUB_ChatMSG mqf-dfbt0o9yg6.mqtt.aliyuncs.com 80 false LTAIpFkq7b3IOvXu QnewzgFKXHPBTOEV5BDAOSSGe1iuRA i/allchannel/icon4.png 网罗最新最全的红木行情，由数位具有十数年经验的高级分析师为您提供专属服务 i/allchannel/banner1.png 铂金VIP 0}] 
2017/04/27 18:58:50 [D] [RoomInfo.go:142] num 4 
2017/04/27 18:59:50 [D] [roomController.go:42] = 
2017/04/27 19:00:21 [D] [RoomInfo.go:142] num 4 
2017/04/27 19:00:29 [D] [RoomInfo.go:142] num 4 
2017/04/27 19:00:29 [D] [suggestController.go:85] roonInfo [{1 Topic_ChatMessage/sub121 0 互动社区 王老师 376 GID_SUB_ChatMSG mqf-dfbt0o9yg6.mqtt.aliyuncs.com 80 false LTAIpFkq7b3IOvXu QnewzgFKXHPBTOEV5BDAOSSGe1iuRA i/allchannel/icon1.png 时刻为您提供最新的红木行情分析，为广大客户提供交流的平台 i/allchannel/banner1.png 互动社区 0} {2 Topic_ChatMessage/sub122 0 会员专区 马老师 438 GID_SUB_ChatMSG mqf-dfbt0o9yg6.mqtt.aliyuncs.com 80 false LTAIpFkq7b3IOvXu QnewzgFKXHPBTOEV5BDAOSSGe1iuRA i/allchannel/icon2.png 专业的分析给您更准确的投资建议 i/allchannel/banner1.png 会员专区 0} {3 Topic_ChatMessage/sub123 0 贵宾专区 雷老师 217 GID_SUB_ChatMSG mqf-dfbt0o9yg6.mqtt.aliyuncs.com 80 false LTAIpFkq7b3IOvXu QnewzgFKXHPBTOEV5BDAOSSGe1iuRA i/allchannel/icon3.png 尊享专人一对一的贴心服务，给您专属的投资指导 i/allchannel/banner1.png 贵宾专区 0} {4 Topic_ChatMessage/sub124 0 铂金VIP 胡老师 185 GID_SUB_ChatMSG mqf-dfbt0o9yg6.mqtt.aliyuncs.com 80 false LTAIpFkq7b3IOvXu QnewzgFKXHPBTOEV5BDAOSSGe1iuRA i/allchannel/icon4.png 网罗最新最全的红木行情，由数位具有十数年经验的高级分析师为您提供专属服务 i/allchannel/banner1.png 铂金VIP 0}] 
2017/04/27 19:04:55 [D] [RoomInfo.go:142] num 4 
2017/04/27 19:04:55 [D] [suggestController.go:85] roonInfo [{1 Topic_ChatMessage/sub121 0 互动社区 王老师 376 GID_SUB_ChatMSG mqf-dfbt0o9yg6.mqtt.aliyuncs.com 80 false LTAIpFkq7b3IOvXu QnewzgFKXHPBTOEV5BDAOSSGe1iuRA i/allchannel/icon1.png 时刻为您提供最新的红木行情分析，为广大客户提供交流的平台 i/allchannel/banner1.png 互动社区 0} {2 Topic_ChatMessage/sub122 0 会员专区 马老师 438 GID_SUB_ChatMSG mqf-dfbt0o9yg6.mqtt.aliyuncs.com 80 false LTAIpFkq7b3IOvXu QnewzgFKXHPBTOEV5BDAOSSGe1iuRA i/allchannel/icon2.png 专业的分析给您更准确的投资建议 i/allchannel/banner1.png 会员专区 0} {3 Topic_ChatMessage/sub123 0 贵宾专区 雷老师 217 GID_SUB_ChatMSG mqf-dfbt0o9yg6.mqtt.aliyuncs.com 80 false LTAIpFkq7b3IOvXu QnewzgFKXHPBTOEV5BDAOSSGe1iuRA i/allchannel/icon3.png 尊享专人一对一的贴心服务，给您专属的投资指导 i/allchannel/banner1.png 贵宾专区 0} {4 Topic_ChatMessage/sub124 0 铂金VIP 胡老师 185 GID_SUB_ChatMSG mqf-dfbt0o9yg6.mqtt.aliyuncs.com 80 false LTAIpFkq7b3IOvXu QnewzgFKXHPBTOEV5BDAOSSGe1iuRA i/allchannel/icon4.png 网罗最新最全的红木行情，由数位具有十数年经验的高级分析师为您提供专属服务 i/allchannel/banner1.png 铂金VIP 0}] 
2017/04/27 19:07:23 [D] [RoomInfo.go:142] num 4 
2017/04/27 19:39:58 [I] [Connect.go:14] 数据库is %s root:123456@tcp(localhost:3306)/weserver?charset=utf8&loc=Local 
2017/04/27 19:39:58 [I] [Connect.go:19] 数据库连接成功 
2017/04/27 19:39:58 [D] [mq.go:98] map[] 
2017/04/27 19:39:58 [D] [mq.go:50] {tcp://mqf-dfbt0o9yg6.mqtt.aliyuncs.com:1883 LTAIggaqgLgcFyCb FnB/B6vHvk3ozjJ6KqWnIcnIcdA= GID_CHAT@@@localserver2  true false 3 Topic_ChatMessage false} 
2017/04/27 19:39:58 [D] [mqtt.go:101] Topic: Topic_ChatMessage 
2017/04/27 19:39:58 [D] [client.go:538] subtopic,subqoss, token.subs, token [Topic_ChatMessage] [0] [Topic_ChatMessage] &{{{{0 0} 0 0 0 0} 0xc0422927e0 false <nil>} [Topic_ChatMessage] map[]} 
2017/04/27 19:40:08 [I] [Connect.go:14] 数据库is %s root:123456@tcp(localhost:3306)/weserver?charset=utf8&loc=Local 
2017/04/27 19:40:08 [I] [Connect.go:19] 数据库连接成功 
2017/04/27 19:40:08 [D] [mq.go:98] map[] 
2017/04/27 19:40:08 [D] [mq.go:50] {tcp://mqf-dfbt0o9yg6.mqtt.aliyuncs.com:1883 LTAIggaqgLgcFyCb FnB/B6vHvk3ozjJ6KqWnIcnIcdA= GID_CHAT@@@localserver2  true false 3 Topic_ChatMessage false} 
2017/04/27 19:40:08 [D] [mqtt.go:101] Topic: Topic_ChatMessage 
2017/04/27 19:40:08 [D] [client.go:538] subtopic,subqoss, token.subs, token [Topic_ChatMessage] [0] [Topic_ChatMessage] &{{{{0 0} 0 0 0 0} 0xc04256e2a0 false <nil>} [Topic_ChatMessage] map[]} 
2017/04/27 19:40:08 [D] [mqtt.go:106] mqtt connect and Subscribe Success！ 
2017/04/27 19:40:08 [I] [mqtt.go:58] mqtt running OK  
2017/04/27 19:40:08 [D] [mq.go:107] MQTT Client Init OK. 
2017/04/27 19:40:08 [D] [chat.go:56] map[Topic_ChatMessage/sub121:[oWrhuv7EjuWJs6d3K3xTJ1YOlkUc]] 
2017/04/27 19:40:08 [D] [wechat.go:63] GetTokenString https://api.weixin.qq.com/cgi-bin/token?grant_type=client_credential&appid=wx2b036d187ac31e24&&secret=39dab8ba2941c8604e0c948729eeaffe 
2017/04/27 19:40:08 [D] [wechat.go:75] {"access_token":"3aB1oRUjxaokPj75BzbOblsxlUZhI_lBgv1MrOZjVr0a0ytLwqnVpnrnbvriDFkzO6n6Tyf9Dxh9tef_omyZwynNF5XiqKmRabiopTJkgNhBUznlNgPhVeN6f-o2iJI9GCEiAHABXZ","expires_in":7200} 
2017/04/27 19:40:08 [D] [wechat.go:79] Request ok!!!!!!! 
2017/04/27 19:40:08 [D] [wechat.go:93] 3aB1oRUjxaokPj75BzbOblsxlUZhI_lBgv1MrOZjVr0a0ytLwqnVpnrnbvriDFkzO6n6Tyf9Dxh9tef_omyZwynNF5XiqKmRabiopTJkgNhBUznlNgPhVeN6f-o2iJI9GCEiAHABXZ 7200 https://api.weixin.qq.com/cgi-bin/message/custom/send?access_token=3aB1oRUjxaokPj75BzbOblsxlUZhI_lBgv1MrOZjVr0a0ytLwqnVpnrnbvriDFkzO6n6Tyf9Dxh9tef_omyZwynNF5XiqKmRabiopTJkgNhBUznlNgPhVeN6f-o2iJI9GCEiAHABXZ 
2017/04/27 19:40:09 [D] [chat.go:64] WeChat Init ok ! 
2017/04/27 19:40:09 [I] [asm_amd64.s:2086] http server Running on http://:80
